Reloaded/trunk/android/app/build/outputs/logs/manifest-merger-all-debug-report.txt
-- Merging decision tree log ---
manifest
ADDED from src/main/AndroidManifest.xml:2:1-48:12
	package
		ADDED from src/main/AndroidManifest.xml:3:7-39
		INJECTED from src/main/AndroidManifest.xml
		INJECTED from src/main/AndroidManifest.xml
	android:versionName
		ADDED from src/main/AndroidManifest.xml:4:48-75
		INJECTED from src/main/AndroidManifest.xml
		INJECTED from src/main/AndroidManifest.xml
	android:versionCode
		ADDED from src/main/AndroidManifest.xml:4:76-100
		INJECTED from src/main/AndroidManifest.xml
		INJECTED from src/main/AndroidManifest.xml
	xmlns:android
		ADDED from src/main/AndroidManifest.xml:2:11-69
	android:installLocation
		ADDED from src/main/AndroidManifest.xml:4:7-47
uses-permission#android.permission.WRITE_EXTERNAL_STORAGE
ADDED from src/main/AndroidManifest.xml:5:5-97
	android:name
		ADDED from src/main/AndroidManifest.xml:5:22-78
uses-permission#android.permission.VIBRATE
ADDED from src/main/AndroidManifest.xml:6:5-65
	android:name
		ADDED from src/main/AndroidManifest.xml:6:22-63
uses-permission#android.permission.INTERNET
ADDED from src/main/AndroidManifest.xml:7:5-66
	android:name
		ADDED from src/main/AndroidManifest.xml:7:22-64
uses-sdk
ADDED from src/main/AndroidManifest.xml:8:5-72
	android:targetSdkVersion
		ADDED from src/main/AndroidManifest.xml:8:15-44
		INJECTED from src/main/AndroidManifest.xml
		INJECTED from src/main/AndroidManifest.xml
	android:minSdkVersion
		ADDED from src/main/AndroidManifest.xml:8:45-70
		INJECTED from src/main/AndroidManifest.xml
		INJECTED from src/main/AndroidManifest.xml
supports-screens
ADDED from src/main/AndroidManifest.xml:9:5-13:64
	android:largeScreens
		ADDED from src/main/AndroidManifest.xml:10:11-38
	android:smallScreens
		ADDED from src/main/AndroidManifest.xml:12:11-38
	android:normalScreens
		ADDED from src/main/AndroidManifest.xml:11:11-39
	android:resizeable
		ADDED from src/main/AndroidManifest.xml:13:37-62
	android:anyDensity
		ADDED from src/main/AndroidManifest.xml:13:11-36
uses-feature#android.hardware.touchscreen
ADDED from src/main/AndroidManifest.xml:14:5-89
	android:required
		ADDED from src/main/AndroidManifest.xml:14:63-87
	android:name
		ADDED from src/main/AndroidManifest.xml:14:19-62
application
ADDED from src/main/AndroidManifest.xml:15:5-46:19
	android:label
		ADDED from src/main/AndroidManifest.xml:15:48-80
	android:allowClearUserData
		ADDED from src/main/AndroidManifest.xml:15:81-114
	android:hardwareAccelerated
		ADDED from src/main/AndroidManifest.xml:15:115-149
	android:allowBackup
		ADDED from src/main/AndroidManifest.xml:15:150-176
	android:icon
		ADDED from src/main/AndroidManifest.xml:15:18-47
	android:isGame
		ADDED from src/main/AndroidManifest.xml:15:177-198
activity#com.seleuco.mame4droid.MAME4droid
ADDED from src/main/AndroidManifest.xml:16:9-39:20
	android:label
		ADDED from src/main/AndroidManifest.xml:16:68-100
	android:launchMode
		ADDED from src/main/AndroidManifest.xml:18:19-50
	android:windowSoftInputMode
		ADDED from src/main/AndroidManifest.xml:19:19-66
	android:configChanges
		ADDED from src/main/AndroidManifest.xml:17:19-80
	android:theme
		ADDED from src/main/AndroidManifest.xml:19:67-106
	android:name
		ADDED from src/main/AndroidManifest.xml:16:19-67
intent-filter#android.intent.action.MAIN+android.intent.category.LAUNCHER
ADDED from src/main/AndroidManifest.xml:20:13-23:29
action#android.intent.action.MAIN
ADDED from src/main/AndroidManifest.xml:21:17-69
	android:name
		ADDED from src/main/AndroidManifest.xml:21:25-66
category#android.intent.category.LAUNCHER
ADDED from src/main/AndroidManifest.xml:22:17-77
	android:name
		ADDED from src/main/AndroidManifest.xml:22:27-74
intent-filter#android.intent.action.MAIN+android.intent.category.LAUNCHER+tv.ouya.intent.category.GAME
ADDED from src/main/AndroidManifest.xml:24:13-28:29
category#tv.ouya.intent.category.GAME
ADDED from src/main/AndroidManifest.xml:27:17-72
	android:name
		ADDED from src/main/AndroidManifest.xml:27:27-70
intent-filter#android.intent.action.MAIN+android.intent.category.LEANBACK_LAUNCHER
ADDED from src/main/AndroidManifest.xml:29:13-32:29
category#android.intent.category.LEANBACK_LAUNCHER
ADDED from src/main/AndroidManifest.xml:31:17-86
	android:name
		ADDED from src/main/AndroidManifest.xml:31:27-83
intent-filter#android.intent.action.VIEW+android.intent.category.DEFAULT
ADDED from src/main/AndroidManifest.xml:33:13-38:29
action#android.intent.action.VIEW
ADDED from src/main/AndroidManifest.xml:34:17-69
	android:name
		ADDED from src/main/AndroidManifest.xml:34:25-66
category#android.intent.category.DEFAULT
ADDED from src/main/AndroidManifest.xml:35:17-76
	android:name
		ADDED from src/main/AndroidManifest.xml:35:27-73
data
ADDED from src/main/AndroidManifest.xml:36:17-63
	android:host
		ADDED from src/main/AndroidManifest.xml:36:23-38
	android:scheme
		ADDED from src/main/AndroidManifest.xml:36:39-60
activity#com.seleuco.mame4droid.prefs.UserPreferences
ADDED from src/main/AndroidManifest.xml:40:3-168
	android:label
		ADDED from src/main/AndroidManifest.xml:40:122-166
	android:theme
		ADDED from src/main/AndroidManifest.xml:40:73-121
	android:name
		ADDED from src/main/AndroidManifest.xml:40:13-72
activity#com.seleuco.mame4droid.WebHelpActivity
ADDED from src/main/AndroidManifest.xml:41:3-189
	android:label
		ADDED from src/main/AndroidManifest.xml:41:147-187
	android:launchMode
		ADDED from src/main/AndroidManifest.xml:41:67-97
	android:theme
		ADDED from src/main/AndroidManifest.xml:41:98-146
	android:name
		ADDED from src/main/AndroidManifest.xml:41:13-66
activity#com.seleuco.mame4droid.prefs.DefineKeys
ADDED from src/main/AndroidManifest.xml:42:3-157
	android:label
		ADDED from src/main/AndroidManifest.xml:42:117-155
	android:theme
		ADDED from src/main/AndroidManifest.xml:42:68-116
	android:name
		ADDED from src/main/AndroidManifest.xml:42:13-67
activity#com.seleuco.mame4droid.prefs.ListKeys
ADDED from src/main/AndroidManifest.xml:43:3-155
	android:label
		ADDED from src/main/AndroidManifest.xml:43:115-153
	android:theme
		ADDED from src/main/AndroidManifest.xml:43:66-114
	android:name
		ADDED from src/main/AndroidManifest.xml:43:13-65
activity#com.seleuco.mame4droid.prefs.KeySelect
ADDED from src/main/AndroidManifest.xml:44:3-139
	android:label
		ADDED from src/main/AndroidManifest.xml:44:67-93
	android:theme
		ADDED from src/main/AndroidManifest.xml:44:94-137
	android:name
		ADDED from src/main/AndroidManifest.xml:44:13-66
meta-data#xperiaplayoptimized_content
ADDED from src/main/AndroidManifest.xml:45:3-92
	android:resource
		ADDED from src/main/AndroidManifest.xml:45:57-90
	android:name
		ADDED from src/main/AndroidManifest.xml:45:14-56